<?xml version="1.0" encoding="UTF-8"?>
<testng-results ignored="4" total="20" passed="16" failed="0" skipped="0">
  <reporter-output>
  </reporter-output>
  <suite started-at="2018-12-16T18:01:35Z" name="Suite" finished-at="2018-12-16T18:02:24Z" duration-ms="48359">
    <groups>
    </groups>
    <test started-at="2018-12-16T18:01:35Z" name="Edge Test" finished-at="2018-12-16T18:01:40Z" duration-ms="4568">
      <class name="demo.CBT">
        <test-method is-config="true" signature="openBrowser(java.lang.String)[pri:0, instance:demo.CBT@2f465398]" started-at="2018-12-16T18:01:35Z" name="openBrowser" finished-at="2018-12-16T18:01:38Z" duration-ms="2176" status="PASS">
          <params>
            <param index="0">
              <value>
                <![CDATA[Edge]]>
              </value>
            </param>
          </params>
          <reporter-output>
          </reporter-output>
        </test-method> <!-- openBrowser -->
        <test-method signature="verifyTitle()[pri:0, instance:demo.CBT@2f465398]" started-at="2018-12-16T18:01:38Z" name="verifyTitle" finished-at="2018-12-16T18:01:38Z" duration-ms="26" status="PASS">
          <reporter-output>
          </reporter-output>
        </test-method> <!-- verifyTitle -->
        <test-method signature="verifySignInBtnVisibility()[pri:1, instance:demo.CBT@2f465398]" started-at="2018-12-16T18:01:38Z" name="verifySignInBtnVisibility" finished-at="2018-12-16T18:01:38Z" duration-ms="9" status="PASS">
          <reporter-output>
          </reporter-output>
        </test-method> <!-- verifySignInBtnVisibility -->
        <test-method signature="verifySearchBtnBeforeText()[pri:3, instance:demo.CBT@2f465398]" started-at="2018-12-16T18:01:38Z" name="verifySearchBtnBeforeText" finished-at="2018-12-16T18:01:38Z" duration-ms="5" status="PASS">
          <reporter-output>
          </reporter-output>
        </test-method> <!-- verifySearchBtnBeforeText -->
        <test-method signature="verifySearchBtnAfterText()[pri:4, instance:demo.CBT@2f465398]" started-at="2018-12-16T18:01:38Z" name="verifySearchBtnAfterText" finished-at="2018-12-16T18:01:38Z" duration-ms="20" status="PASS">
          <reporter-output>
          </reporter-output>
        </test-method> <!-- verifySearchBtnAfterText -->
        <test-method is-config="true" signature="closeBrowser()[pri:0, instance:demo.CBT@2f465398]" started-at="2018-12-16T18:01:38Z" name="closeBrowser" finished-at="2018-12-16T18:01:40Z" duration-ms="2313" status="PASS">
          <reporter-output>
          </reporter-output>
        </test-method> <!-- closeBrowser -->
      </class> <!-- demo.CBT -->
    </test> <!-- Edge Test -->
    <test started-at="2018-12-16T18:01:35Z" name="Firefox Test" finished-at="2018-12-16T18:01:40Z" duration-ms="4808">
      <class name="demo.CBT">
        <test-method is-config="true" signature="openBrowser(java.lang.String)[pri:0, instance:demo.CBT@6a03bcb1]" started-at="2018-12-16T18:01:35Z" name="openBrowser" finished-at="2018-12-16T18:01:38Z" duration-ms="3026" status="PASS">
          <params>
            <param index="0">
              <value>
                <![CDATA[Firefox]]>
              </value>
            </param>
          </params>
          <reporter-output>
          </reporter-output>
        </test-method> <!-- openBrowser -->
        <test-method signature="verifyTitle()[pri:0, instance:demo.CBT@6a03bcb1]" started-at="2018-12-16T18:01:38Z" name="verifyTitle" finished-at="2018-12-16T18:01:40Z" duration-ms="1615" status="PASS">
          <reporter-output>
          </reporter-output>
        </test-method> <!-- verifyTitle -->
        <test-method signature="verifySignInBtnVisibility()[pri:1, instance:demo.CBT@6a03bcb1]" started-at="2018-12-16T18:01:40Z" name="verifySignInBtnVisibility" finished-at="2018-12-16T18:01:40Z" duration-ms="35" status="PASS">
          <reporter-output>
          </reporter-output>
        </test-method> <!-- verifySignInBtnVisibility -->
        <test-method signature="verifySearchBtnBeforeText()[pri:3, instance:demo.CBT@6a03bcb1]" started-at="2018-12-16T18:01:40Z" name="verifySearchBtnBeforeText" finished-at="2018-12-16T18:01:40Z" duration-ms="11" status="PASS">
          <reporter-output>
          </reporter-output>
        </test-method> <!-- verifySearchBtnBeforeText -->
        <test-method signature="verifySearchBtnAfterText()[pri:4, instance:demo.CBT@6a03bcb1]" started-at="2018-12-16T18:01:40Z" name="verifySearchBtnAfterText" finished-at="2018-12-16T18:01:40Z" duration-ms="66" status="PASS">
          <reporter-output>
          </reporter-output>
        </test-method> <!-- verifySearchBtnAfterText -->
        <test-method is-config="true" signature="closeBrowser()[pri:0, instance:demo.CBT@6a03bcb1]" started-at="2018-12-16T18:01:40Z" name="closeBrowser" finished-at="2018-12-16T18:01:40Z" duration-ms="49" status="PASS">
          <reporter-output>
          </reporter-output>
        </test-method> <!-- closeBrowser -->
      </class> <!-- demo.CBT -->
    </test> <!-- Firefox Test -->
    <test started-at="2018-12-16T18:01:35Z" name="Chrome Test" finished-at="2018-12-16T18:01:43Z" duration-ms="7953">
      <class name="demo.CBT">
        <test-method is-config="true" signature="openBrowser(java.lang.String)[pri:0, instance:demo.CBT@f79e]" started-at="2018-12-16T18:01:35Z" name="openBrowser" finished-at="2018-12-16T18:01:41Z" duration-ms="5534" status="PASS">
          <params>
            <param index="0">
              <value>
                <![CDATA[Chrome]]>
              </value>
            </param>
          </params>
          <reporter-output>
          </reporter-output>
        </test-method> <!-- openBrowser -->
        <test-method signature="verifyTitle()[pri:0, instance:demo.CBT@f79e]" started-at="2018-12-16T18:01:41Z" name="verifyTitle" finished-at="2018-12-16T18:01:41Z" duration-ms="5" status="PASS">
          <reporter-output>
          </reporter-output>
        </test-method> <!-- verifyTitle -->
        <test-method signature="verifySignInBtnVisibility()[pri:1, instance:demo.CBT@f79e]" started-at="2018-12-16T18:01:41Z" name="verifySignInBtnVisibility" finished-at="2018-12-16T18:01:41Z" duration-ms="20" status="PASS">
          <reporter-output>
          </reporter-output>
        </test-method> <!-- verifySignInBtnVisibility -->
        <test-method signature="verifySearchBtnBeforeText()[pri:3, instance:demo.CBT@f79e]" started-at="2018-12-16T18:01:41Z" name="verifySearchBtnBeforeText" finished-at="2018-12-16T18:01:41Z" duration-ms="20" status="PASS">
          <reporter-output>
          </reporter-output>
        </test-method> <!-- verifySearchBtnBeforeText -->
        <test-method signature="verifySearchBtnAfterText()[pri:4, instance:demo.CBT@f79e]" started-at="2018-12-16T18:01:41Z" name="verifySearchBtnAfterText" finished-at="2018-12-16T18:01:41Z" duration-ms="63" status="PASS">
          <reporter-output>
          </reporter-output>
        </test-method> <!-- verifySearchBtnAfterText -->
        <test-method is-config="true" signature="closeBrowser()[pri:0, instance:demo.CBT@f79e]" started-at="2018-12-16T18:01:41Z" name="closeBrowser" finished-at="2018-12-16T18:01:43Z" duration-ms="2306" status="PASS">
          <reporter-output>
          </reporter-output>
        </test-method> <!-- closeBrowser -->
      </class> <!-- demo.CBT -->
    </test> <!-- Chrome Test -->
    <test started-at="2018-12-16T18:01:35Z" name="IE Test" finished-at="2018-12-16T18:02:24Z" duration-ms="48359">
      <class name="demo.CBT">
        <test-method is-config="true" signature="openBrowser(java.lang.String)[pri:0, instance:demo.CBT@2898ac89]" started-at="2018-12-16T18:01:35Z" name="openBrowser" finished-at="2018-12-16T18:01:38Z" duration-ms="2483" status="PASS">
          <params>
            <param index="0">
              <value>
                <![CDATA[Internet Explorer]]>
              </value>
            </param>
          </params>
          <reporter-output>
          </reporter-output>
        </test-method> <!-- openBrowser -->
        <test-method signature="verifyTitle()[pri:0, instance:demo.CBT@2898ac89]" started-at="2018-12-16T18:01:38Z" name="verifyTitle" finished-at="2018-12-16T18:01:38Z" duration-ms="12" status="PASS">
          <reporter-output>
          </reporter-output>
        </test-method> <!-- verifyTitle -->
        <test-method signature="verifySignInBtnVisibility()[pri:1, instance:demo.CBT@2898ac89]" started-at="2018-12-16T18:01:38Z" name="verifySignInBtnVisibility" finished-at="2018-12-16T18:01:38Z" duration-ms="192" status="PASS">
          <reporter-output>
          </reporter-output>
        </test-method> <!-- verifySignInBtnVisibility -->
        <test-method signature="verifySearchBtnBeforeText()[pri:3, instance:demo.CBT@2898ac89]" started-at="2018-12-16T18:01:38Z" name="verifySearchBtnBeforeText" finished-at="2018-12-16T18:01:38Z" duration-ms="145" status="PASS">
          <reporter-output>
          </reporter-output>
        </test-method> <!-- verifySearchBtnBeforeText -->
        <test-method signature="verifySearchBtnAfterText()[pri:4, instance:demo.CBT@2898ac89]" started-at="2018-12-16T18:01:38Z" name="verifySearchBtnAfterText" finished-at="2018-12-16T18:02:24Z" duration-ms="45507" status="PASS">
          <reporter-output>
          </reporter-output>
        </test-method> <!-- verifySearchBtnAfterText -->
        <test-method is-config="true" signature="closeBrowser()[pri:0, instance:demo.CBT@2898ac89]" started-at="2018-12-16T18:02:24Z" name="closeBrowser" finished-at="2018-12-16T18:02:24Z" duration-ms="12" status="PASS">
          <reporter-output>
          </reporter-output>
        </test-method> <!-- closeBrowser -->
      </class> <!-- demo.CBT -->
    </test> <!-- IE Test -->
  </suite> <!-- Suite -->
</testng-results>
