<?xml version="1.0" encoding="UTF-8"?>
<!-- Generated by org.testng.reporters.JUnitXMLReporter -->
<testsuite ignored="1" hostname="pc" failures="0" tests="4" name="Chrome Test" time="7.953" errors="0" timestamp="16 Dec 2018 18:01:43 GMT">
  <testcase classname="demo.CBT" name="verifyTitle" time="0.005"/>
  <testcase classname="demo.CBT" name="verifySignInBtnVisibility" time="0.02"/>
  <testcase classname="demo.CBT" name="verifySearchBtnBeforeText" time="0.02"/>
  <testcase classname="demo.CBT" name="verifySearchBtnAfterText" time="0.063"/>
  <testcase classname="demo.CBT" name="verifyText" time="0.0">
    <ignored/>
  </testcase> <!-- verifyText -->
</testsuite> <!-- Chrome Test -->
