<?xml version="1.0" encoding="UTF-8"?>
<!-- Generated by org.testng.reporters.JUnitXMLReporter -->
<testsuite ignored="1" hostname="pc" failures="0" tests="4" name="Edge Test" time="4.568" errors="0" timestamp="16 Dec 2018 18:01:40 GMT">
  <testcase classname="demo.CBT" name="verifyTitle" time="0.026"/>
  <testcase classname="demo.CBT" name="verifySignInBtnVisibility" time="0.009"/>
  <testcase classname="demo.CBT" name="verifySearchBtnBeforeText" time="0.005"/>
  <testcase classname="demo.CBT" name="verifySearchBtnAfterText" time="0.02"/>
  <testcase classname="demo.CBT" name="verifyText" time="0.0">
    <ignored/>
  </testcase> <!-- verifyText -->
</testsuite> <!-- Edge Test -->
