<?xml version="1.0" encoding="UTF-8"?>
<!-- Generated by org.testng.reporters.JUnitXMLReporter -->
<testsuite ignored="1" hostname="pc" failures="0" tests="4" name="IE Test" time="48.359" errors="0" timestamp="16 Dec 2018 18:02:24 GMT">
  <testcase classname="demo.CBT" name="verifyTitle" time="0.012"/>
  <testcase classname="demo.CBT" name="verifySignInBtnVisibility" time="0.192"/>
  <testcase classname="demo.CBT" name="verifySearchBtnBeforeText" time="0.145"/>
  <testcase classname="demo.CBT" name="verifySearchBtnAfterText" time="45.507"/>
  <testcase classname="demo.CBT" name="verifyText" time="0.0">
    <ignored/>
  </testcase> <!-- verifyText -->
</testsuite> <!-- IE Test -->
